2021-06-01 20:05:51 [main] INFO  edu.epam.arrays.entity.CustomArray- Array was created
2021-06-01 20:05:51 [main] INFO  edu.epam.arrays.service.impl.SearchServiceImpl- Maximal element: 5
2021-06-02 14:42:37 [main] INFO  edu.epam.arrays.entity.CustomArray- Array was created
2021-06-02 14:42:37 [main] INFO  edu.epam.arrays.entity.CustomArray- Array was created
2021-06-02 14:42:37 [main] INFO  epam.arrays.service.impl.SortServiceImpl- Array was sorted
2021-06-02 14:56:09 [main] INFO  edu.epam.arrays.entity.CustomArray- Array was created
2021-06-02 15:41:27 [main] INFO  edu.epam.arrays.entity.CustomArray- Array was created
2021-06-02 15:41:27 [main] INFO  edu.epam.arrays.entity.CustomArray- Array was created
2021-06-02 15:41:27 [main] INFO  epam.arrays.service.impl.ChangeServiceImpl- All changes were made
2021-06-02 17:09:19 [main] INFO  edu.epam.arrays.entity.CustomArray- Array was created
2021-06-02 17:09:19 [main] INFO  edu.epam.arrays.entity.CustomArray- Array was created
2021-06-02 17:09:19 [main] INFO  epam.arrays.service.impl.ChangeServiceImpl- All changes were made
2021-06-02 17:16:00 [main] INFO  edu.epam.arrays.entity.CustomArray- Array was created
2021-06-02 17:16:00 [main] INFO  edu.epam.arrays.entity.CustomArray- Array was created
2021-06-02 17:16:00 [main] INFO  epam.arrays.service.impl.ChangeServiceImpl- All changes were made
2021-06-02 17:17:04 [main] INFO  edu.epam.arrays.entity.CustomArray- Array was created
2021-06-02 17:17:04 [main] INFO  edu.epam.arrays.entity.CustomArray- Array was created
2021-06-02 17:17:04 [main] INFO  epam.arrays.service.impl.ChangeServiceImpl- All changes were made
2021-06-02 17:23:58 [main] INFO  edu.epam.arrays.entity.CustomArray- Array was created
2021-06-02 17:23:58 [main] INFO  epam.arrays.service.impl.DefineServiceImpl- Sum of array elements is 19
2021-06-02 17:29:07 [main] INFO  edu.epam.arrays.entity.CustomArray- Array was created
2021-06-02 17:29:07 [main] INFO  epam.arrays.service.impl.DefineServiceImpl- Sum of array elements is 25
2021-06-02 17:29:07 [main] INFO  epam.arrays.service.impl.DefineServiceImpl- Average element is 5.0
2021-06-02 17:29:33 [main] INFO  edu.epam.arrays.entity.CustomArray- Array was created
2021-06-02 17:29:33 [main] INFO  epam.arrays.service.impl.DefineServiceImpl- Sum of array elements is 25
2021-06-02 17:29:33 [main] INFO  epam.arrays.service.impl.DefineServiceImpl- Average element is 5.0
2021-06-02 17:36:10 [main] INFO  edu.epam.arrays.entity.CustomArray- Array was created
2021-06-02 17:36:10 [main] INFO  epam.arrays.service.impl.DefineServiceImpl- The number of positive elements is 2
2021-06-02 17:40:12 [main] INFO  edu.epam.arrays.entity.CustomArray- Array was created
2021-06-02 17:40:12 [main] INFO  epam.arrays.service.impl.DefineServiceImpl- Sum of array elements is 13
2021-06-02 17:46:11 [main] INFO  edu.epam.arrays.entity.CustomArray- Array was created
2021-06-02 17:46:11 [main] INFO  epam.arrays.service.impl.DefineServiceImpl- Sum of array elements is 11
2021-06-02 17:46:38 [main] INFO  edu.epam.arrays.entity.CustomArray- Array was created
2021-06-02 17:46:38 [main] INFO  epam.arrays.service.impl.DefineServiceImpl- Average element is 2.2
2021-06-02 17:51:20 [main] INFO  edu.epam.arrays.entity.CustomArray- Array was created
2021-06-02 17:51:20 [main] INFO  epam.arrays.service.impl.DefineServiceImpl- The number of negative elements is 3
2021-06-02 17:53:53 [main] INFO  edu.epam.arrays.entity.CustomArray- Array was created
2021-06-02 17:53:53 [main] INFO  epam.arrays.service.impl.DefineServiceImpl- The number of negative elements is 2
2021-06-02 18:00:21 [main] INFO  edu.epam.arrays.entity.CustomArray- Array was created
2021-06-02 18:00:21 [main] INFO  edu.epam.arrays.entity.CustomArray- Array was created
2021-06-02 18:00:21 [main] INFO  epam.arrays.service.impl.ChangeServiceImpl- All changes were made
2021-06-02 18:05:30 [main] INFO  edu.epam.arrays.entity.CustomArray- Array was created
2021-06-02 18:05:30 [main] INFO  epam.arrays.service.impl.SearchServiceImpl- Minimal element: 9
2021-06-02 18:06:24 [main] INFO  edu.epam.arrays.entity.CustomArray- Array was created
2021-06-02 18:06:25 [main] INFO  epam.arrays.service.impl.SearchServiceImpl- Maximal element: 9
2021-06-02 18:09:28 [main] INFO  edu.epam.arrays.entity.CustomArray- Array was created
2021-06-02 18:09:28 [main] INFO  epam.arrays.service.impl.SearchServiceImpl- Maximal element: 7
2021-06-02 18:09:54 [main] INFO  edu.epam.arrays.entity.CustomArray- Array was created
2021-06-02 18:09:54 [main] INFO  epam.arrays.service.impl.SearchServiceImpl- Maximal element: 9
2021-06-02 18:10:32 [main] INFO  edu.epam.arrays.entity.CustomArray- Array was created
2021-06-02 18:10:32 [main] INFO  epam.arrays.service.impl.SearchServiceImpl- Minimal element: -5
2021-06-02 18:12:20 [main] INFO  edu.epam.arrays.entity.CustomArray- Array was created
2021-06-02 18:12:20 [main] INFO  epam.arrays.service.impl.SearchServiceImpl- Maximal element: 7
2021-06-02 18:12:53 [main] INFO  edu.epam.arrays.entity.CustomArray- Array was created
2021-06-02 18:12:53 [main] INFO  epam.arrays.service.impl.SearchServiceImpl- Minimal element: -8
2021-06-02 18:19:23 [main] INFO  edu.epam.arrays.entity.CustomArray- Array was created
2021-06-02 18:19:23 [main] INFO  edu.epam.arrays.entity.CustomArray- Array was created
2021-06-02 18:19:23 [main] INFO  epam.arrays.service.impl.SortServiceImpl- Array was sorted
2021-06-02 18:21:39 [main] INFO  edu.epam.arrays.entity.CustomArray- Array was created
2021-06-02 18:21:39 [main] INFO  edu.epam.arrays.entity.CustomArray- Array was created
2021-06-02 18:21:39 [main] INFO  epam.arrays.service.impl.SortServiceImpl- Array was sorted
2021-06-02 18:24:04 [main] INFO  edu.epam.arrays.entity.CustomArray- Array was created
2021-06-02 18:24:04 [main] INFO  edu.epam.arrays.entity.CustomArray- Array was created
2021-06-02 18:24:04 [main] INFO  epam.arrays.service.impl.SortServiceImpl- Array was sorted
2021-06-03 10:37:56 [main] INFO  edu.epam.arrays.entity.CustomArray- Array was created
2021-06-03 10:37:56 [main] INFO  epam.arrays.service.impl.DefineServiceImpl- Sum of array elements is 26
2021-06-03 10:37:56 [main] INFO  epam.arrays.service.impl.DefineServiceImpl- Average element is 5.0
2021-06-03 10:38:41 [main] INFO  edu.epam.arrays.entity.CustomArray- Array was created
2021-06-03 10:38:41 [main] INFO  epam.arrays.service.impl.DefineServiceImpl- Sum of array elements is 26
2021-06-03 10:38:41 [main] INFO  epam.arrays.service.impl.DefineServiceImpl- Average element is 5.2
2021-06-03 20:36:05 [main] INFO  edu.epam.arrays.reader.CustomArrayReader- File was read
2021-06-03 20:41:28 [main] INFO  edu.epam.arrays.reader.CustomArrayReader- File was read
2021-06-03 20:48:01 [main] INFO  edu.epam.arrays.parser.CustomArrayParser- The string is correct 4 7 5 9 0
2021-06-03 20:48:01 [main] INFO  edu.epam.arrays.entity.CustomArray- Array was created
2021-06-03 20:48:01 [main] INFO  edu.epam.arrays.entity.CustomArray- Array was created
2021-06-03 20:50:05 [main] INFO  edu.epam.arrays.parser.CustomArrayParser- The string is correct 4 7 5 9 0
2021-06-03 20:50:05 [main] INFO  edu.epam.arrays.entity.CustomArray- Array was created
2021-06-03 20:50:05 [main] INFO  edu.epam.arrays.entity.CustomArray- Array was created
2021-06-03 20:57:09 [main] ERROR edu.epam.arrays.parser.CustomArrayParser- There is no correct string in data
2021-06-03 21:46:20 [main] INFO  edu.epam.arrays.parser.CustomArrayParser- The string is correct 4 7 5 9 0
2021-06-03 21:46:20 [main] INFO  edu.epam.arrays.entity.CustomArray- Array was created
2021-06-03 21:46:20 [main] INFO  edu.epam.arrays.entity.CustomArray- Array was created
