2021-07-12 18:16:43 [main] INFO  epam.shapes.repository.impl.TriangleRepositoryImpl- Triangle was added to repository
2021-07-12 18:16:43 [main] INFO  epam.shapes.repository.impl.TriangleRepositoryImpl- Triangle was added to repository
2021-07-12 18:16:43 [main] INFO  epam.shapes.repository.impl.TriangleRepositoryImpl- Repository return sorted list
2021-07-12 18:16:43 [main] INFO  epam.shapes.service.impl.CalculateServiceImpl- Square of triangle was calculated
2021-07-12 18:16:43 [main] INFO  epam.shapes.service.impl.CalculateServiceImpl- Square of triangle was calculated
2021-07-12 18:18:41 [main] INFO  epam.shapes.repository.impl.TriangleRepositoryImpl- Triangle was added to repository
2021-07-12 18:18:41 [main] INFO  epam.shapes.repository.impl.TriangleRepositoryImpl- Triangle was added to repository
2021-07-12 18:18:41 [main] INFO  epam.shapes.repository.impl.TriangleRepositoryImpl- Repository return sorted list
2021-07-12 18:18:41 [main] INFO  epam.shapes.service.impl.CalculateServiceImpl- Perimeter of triangle was calculated
2021-07-12 18:18:41 [main] INFO  epam.shapes.service.impl.CalculateServiceImpl- Perimeter of triangle was calculated
2021-07-12 18:24:45 [main] INFO  epam.shapes.repository.impl.TriangleRepositoryImpl- Triangle was added to repository
2021-07-12 18:24:45 [main] INFO  epam.shapes.repository.impl.TriangleRepositoryImpl- Triangle was added to repository
2021-07-12 18:24:45 [main] INFO  epam.shapes.repository.impl.TriangleRepositoryImpl- Sorted list was returned
2021-07-12 18:25:06 [main] INFO  epam.shapes.repository.impl.TriangleRepositoryImpl- Triangle was added to repository
2021-07-12 18:25:06 [main] INFO  epam.shapes.repository.impl.TriangleRepositoryImpl- Triangle was added to repository
2021-07-12 18:25:06 [main] INFO  epam.shapes.repository.impl.TriangleRepositoryImpl- Sorted list was returned
2021-07-12 18:29:59 [main] INFO  epam.shapes.repository.impl.TriangleRepositoryImpl- Triangle was added to repository
2021-07-12 18:29:59 [main] INFO  epam.shapes.repository.impl.TriangleRepositoryImpl- Triangle was added to repository
2021-07-12 18:29:59 [main] INFO  epam.shapes.repository.impl.TriangleRepositoryImpl- Repository return sorted list
2021-07-12 18:29:59 [main] INFO  epam.shapes.service.impl.CalculateServiceImpl- Perimeter of triangle was calculated
2021-07-12 18:29:59 [main] INFO  epam.shapes.service.impl.CalculateServiceImpl- Perimeter of triangle was calculated
2021-07-12 18:30:07 [main] INFO  epam.shapes.repository.impl.TriangleRepositoryImpl- Triangle was added to repository
2021-07-12 18:30:07 [main] INFO  epam.shapes.repository.impl.TriangleRepositoryImpl- Triangle was added to repository
2021-07-12 18:30:07 [main] INFO  epam.shapes.repository.impl.TriangleRepositoryImpl- Repository return sorted list
2021-07-12 18:30:07 [main] INFO  epam.shapes.service.impl.CalculateServiceImpl- Square of triangle was calculated
2021-07-12 18:30:07 [main] INFO  epam.shapes.service.impl.CalculateServiceImpl- Square of triangle was calculated
2021-07-12 18:30:14 [main] INFO  epam.shapes.repository.impl.TriangleRepositoryImpl- Triangle was added to repository
2021-07-12 18:30:14 [main] INFO  epam.shapes.repository.impl.TriangleRepositoryImpl- Triangle was added to repository
2021-07-12 18:30:14 [main] INFO  epam.shapes.repository.impl.TriangleRepositoryImpl- Sorted list was returned
2021-07-12 18:30:20 [main] INFO  epam.shapes.repository.impl.TriangleRepositoryImpl- Triangle was added to repository
2021-07-12 18:30:20 [main] INFO  epam.shapes.repository.impl.TriangleRepositoryImpl- Triangle was added to repository
2021-07-12 18:30:20 [main] INFO  epam.shapes.repository.impl.TriangleRepositoryImpl- Query was returned
2021-07-12 18:30:20 [main] INFO  epam.shapes.service.impl.CalculateServiceImpl- Square of triangle was calculated
2021-07-12 18:30:20 [main] INFO  epam.shapes.service.impl.CalculateServiceImpl- Square of triangle was calculated
2021-07-12 20:21:45 [main] INFO  epam.shapes.repository.impl.TriangleRepositoryImpl- Triangle was added to repository
2021-07-12 20:21:45 [main] INFO  epam.shapes.repository.impl.TriangleRepositoryImpl- Triangle was added to repository
2021-07-12 20:21:45 [main] INFO  epam.shapes.repository.impl.TriangleRepositoryImpl- Query was returned
2021-07-12 20:21:45 [main] INFO  epam.shapes.service.impl.CalculateServiceImpl- Square of triangle was calculated
2021-07-12 20:21:45 [main] INFO  epam.shapes.service.impl.CalculateServiceImpl- Square of triangle was calculated
2021-07-12 20:22:01 [main] INFO  epam.shapes.repository.impl.TriangleRepositoryImpl- Triangle was added to repository
2021-07-12 20:22:01 [main] INFO  epam.shapes.repository.impl.TriangleRepositoryImpl- Triangle was added to repository
2021-07-12 20:22:01 [main] INFO  epam.shapes.repository.impl.TriangleRepositoryImpl- Sorted list was returned
2021-07-12 20:22:20 [main] INFO  epam.shapes.repository.impl.TriangleRepositoryImpl- Triangle was added to repository
2021-07-12 20:22:20 [main] INFO  epam.shapes.repository.impl.TriangleRepositoryImpl- Triangle was added to repository
2021-07-12 20:22:53 [main] INFO  epam.shapes.repository.impl.TriangleRepositoryImpl- Sorted list was returned
2021-07-12 20:24:20 [main] INFO  epam.shapes.repository.impl.TriangleRepositoryImpl- Triangle was added to repository
2021-07-12 20:24:20 [main] INFO  epam.shapes.repository.impl.TriangleRepositoryImpl- Triangle was added to repository
2021-07-12 20:24:20 [main] INFO  epam.shapes.service.impl.CalculateServiceImpl- Perimeter of triangle was calculated
2021-07-12 20:24:20 [main] INFO  epam.shapes.service.impl.CalculateServiceImpl- Perimeter of triangle was calculated
2021-07-12 20:24:20 [main] INFO  epam.shapes.repository.impl.TriangleRepositoryImpl- Sorted list was returned
