2021-06-21 00:02:23 [main] INFO  edu.epam.parsing.entity.LegalPersonDeposit- LegalPersonDeposit was created
2021-06-21 00:02:23 [main] INFO  edu.epam.parsing.entity.LegalPersonDeposit- LegalPersonDeposit was created
2021-06-21 00:02:23 [main] INFO  edu.epam.parsing.entity.LegalPersonDeposit- LegalPersonDeposit was created
2021-06-21 00:02:23 [main] INFO  edu.epam.parsing.entity.LegalPersonDeposit- LegalPersonDeposit was created
2021-06-21 00:02:23 [main] INFO  edu.epam.parsing.entity.LegalPersonDeposit- LegalPersonDeposit was created
2021-06-21 00:02:23 [main] INFO  edu.epam.parsing.entity.PhysicalPersonDeposit- PhysicalPersonDeposit was created
2021-06-21 00:02:23 [main] INFO  edu.epam.parsing.entity.PhysicalPersonDeposit- PhysicalPersonDeposit was created
2021-06-21 00:02:23 [main] INFO  edu.epam.parsing.entity.PhysicalPersonDeposit- PhysicalPersonDeposit was created
2021-06-21 00:02:23 [main] INFO  edu.epam.parsing.entity.PhysicalPersonDeposit- PhysicalPersonDeposit was created
2021-06-21 00:02:23 [main] INFO  edu.epam.parsing.entity.PhysicalPersonDeposit- PhysicalPersonDeposit was created
2021-06-21 00:02:23 [main] INFO  edu.epam.parsing.entity.PhysicalPersonDeposit- PhysicalPersonDeposit was created
2021-06-21 00:02:23 [main] INFO  edu.epam.parsing.entity.PhysicalPersonDeposit- PhysicalPersonDeposit was created
2021-06-21 00:02:23 [main] INFO  edu.epam.parsing.entity.PhysicalPersonDeposit- PhysicalPersonDeposit was created
2021-06-21 00:02:23 [main] INFO  edu.epam.parsing.entity.PhysicalPersonDeposit- PhysicalPersonDeposit was created
2021-06-21 00:02:23 [main] INFO  edu.epam.parsing.entity.PhysicalPersonDeposit- PhysicalPersonDeposit was created
2021-06-21 00:02:23 [main] INFO  edu.epam.parsing.entity.PhysicalPersonDeposit- PhysicalPersonDeposit was created
2021-06-21 00:02:23 [main] INFO  edu.epam.parsing.entity.LegalPersonDeposit- LegalPersonDeposit was created
2021-06-21 00:02:28 [main] INFO  edu.epam.parsing.entity.LegalPersonDeposit- LegalPersonDeposit was created
2021-06-21 00:02:28 [main] INFO  edu.epam.parsing.entity.LegalPersonDeposit- LegalPersonDeposit was created
2021-06-21 00:02:28 [main] INFO  edu.epam.parsing.entity.LegalPersonDeposit- LegalPersonDeposit was created
2021-06-21 00:02:28 [main] INFO  edu.epam.parsing.entity.LegalPersonDeposit- LegalPersonDeposit was created
2021-06-21 00:02:28 [main] INFO  edu.epam.parsing.entity.LegalPersonDeposit- LegalPersonDeposit was created
2021-06-21 00:02:28 [main] INFO  edu.epam.parsing.entity.PhysicalPersonDeposit- PhysicalPersonDeposit was created
2021-06-21 00:02:28 [main] INFO  edu.epam.parsing.entity.PhysicalPersonDeposit- PhysicalPersonDeposit was created
2021-06-21 00:02:28 [main] INFO  edu.epam.parsing.entity.PhysicalPersonDeposit- PhysicalPersonDeposit was created
2021-06-21 00:02:28 [main] INFO  edu.epam.parsing.entity.PhysicalPersonDeposit- PhysicalPersonDeposit was created
2021-06-21 00:02:28 [main] INFO  edu.epam.parsing.entity.PhysicalPersonDeposit- PhysicalPersonDeposit was created
2021-06-21 00:02:28 [main] INFO  edu.epam.parsing.entity.PhysicalPersonDeposit- PhysicalPersonDeposit was created
2021-06-21 00:02:28 [main] INFO  edu.epam.parsing.entity.PhysicalPersonDeposit- PhysicalPersonDeposit was created
2021-06-21 00:02:28 [main] INFO  edu.epam.parsing.entity.PhysicalPersonDeposit- PhysicalPersonDeposit was created
2021-06-21 00:02:28 [main] INFO  edu.epam.parsing.entity.PhysicalPersonDeposit- PhysicalPersonDeposit was created
2021-06-21 00:02:28 [main] INFO  edu.epam.parsing.entity.PhysicalPersonDeposit- PhysicalPersonDeposit was created
2021-06-21 00:02:28 [main] INFO  edu.epam.parsing.entity.PhysicalPersonDeposit- PhysicalPersonDeposit was created
2021-06-21 00:02:28 [main] INFO  edu.epam.parsing.entity.LegalPersonDeposit- LegalPersonDeposit was created
2021-06-21 00:02:33 [main] INFO  edu.epam.parsing.entity.LegalPersonDeposit- LegalPersonDeposit was created
2021-06-21 00:02:33 [main] INFO  edu.epam.parsing.entity.LegalPersonDeposit- LegalPersonDeposit was created
2021-06-21 00:02:33 [main] INFO  edu.epam.parsing.entity.LegalPersonDeposit- LegalPersonDeposit was created
2021-06-21 00:02:33 [main] INFO  edu.epam.parsing.entity.LegalPersonDeposit- LegalPersonDeposit was created
2021-06-21 00:02:33 [main] INFO  edu.epam.parsing.entity.LegalPersonDeposit- LegalPersonDeposit was created
2021-06-21 00:02:33 [main] INFO  edu.epam.parsing.entity.PhysicalPersonDeposit- PhysicalPersonDeposit was created
2021-06-21 00:02:33 [main] INFO  edu.epam.parsing.entity.PhysicalPersonDeposit- PhysicalPersonDeposit was created
2021-06-21 00:02:33 [main] INFO  edu.epam.parsing.entity.PhysicalPersonDeposit- PhysicalPersonDeposit was created
2021-06-21 00:02:33 [main] INFO  edu.epam.parsing.entity.PhysicalPersonDeposit- PhysicalPersonDeposit was created
2021-06-21 00:02:33 [main] INFO  edu.epam.parsing.entity.PhysicalPersonDeposit- PhysicalPersonDeposit was created
2021-06-21 00:02:33 [main] INFO  edu.epam.parsing.entity.PhysicalPersonDeposit- PhysicalPersonDeposit was created
2021-06-21 00:02:33 [main] INFO  edu.epam.parsing.entity.PhysicalPersonDeposit- PhysicalPersonDeposit was created
2021-06-21 00:02:33 [main] INFO  edu.epam.parsing.entity.PhysicalPersonDeposit- PhysicalPersonDeposit was created
2021-06-21 00:02:33 [main] INFO  edu.epam.parsing.entity.PhysicalPersonDeposit- PhysicalPersonDeposit was created
2021-06-21 00:02:33 [main] INFO  edu.epam.parsing.entity.PhysicalPersonDeposit- PhysicalPersonDeposit was created
2021-06-21 00:02:33 [main] INFO  edu.epam.parsing.entity.PhysicalPersonDeposit- PhysicalPersonDeposit was created
2021-06-21 00:02:54 [main] INFO  edu.epam.parsing.entity.LegalPersonDeposit- LegalPersonDeposit was created
2021-06-21 00:02:54 [main] INFO  edu.epam.parsing.entity.LegalPersonDeposit- LegalPersonDeposit was created
2021-06-21 00:02:54 [main] INFO  edu.epam.parsing.entity.PhysicalPersonDeposit- PhysicalPersonDeposit was created
2021-06-21 00:02:54 [main] INFO  edu.epam.parsing.entity.PhysicalPersonDeposit- PhysicalPersonDeposit was created
2021-06-21 00:02:54 [main] INFO  edu.epam.parsing.entity.PhysicalPersonDeposit- PhysicalPersonDeposit was created
2021-06-21 00:02:54 [main] INFO  edu.epam.parsing.entity.LegalPersonDeposit- LegalPersonDeposit was created
2021-06-21 00:02:54 [main] INFO  edu.epam.parsing.entity.PhysicalPersonDeposit- PhysicalPersonDeposit was created
2021-06-21 00:02:54 [main] INFO  edu.epam.parsing.entity.PhysicalPersonDeposit- PhysicalPersonDeposit was created
2021-06-21 00:02:54 [main] INFO  edu.epam.parsing.entity.PhysicalPersonDeposit- PhysicalPersonDeposit was created
2021-06-21 00:02:54 [main] INFO  edu.epam.parsing.entity.LegalPersonDeposit- LegalPersonDeposit was created
2021-06-21 00:02:54 [main] INFO  edu.epam.parsing.entity.PhysicalPersonDeposit- PhysicalPersonDeposit was created
2021-06-21 00:02:54 [main] INFO  edu.epam.parsing.entity.PhysicalPersonDeposit- PhysicalPersonDeposit was created
2021-06-21 00:02:54 [main] INFO  edu.epam.parsing.entity.PhysicalPersonDeposit- PhysicalPersonDeposit was created
2021-06-21 00:02:54 [main] INFO  edu.epam.parsing.entity.LegalPersonDeposit- LegalPersonDeposit was created
2021-06-21 00:02:54 [main] INFO  edu.epam.parsing.entity.PhysicalPersonDeposit- PhysicalPersonDeposit was created
2021-06-21 00:02:54 [main] INFO  edu.epam.parsing.entity.PhysicalPersonDeposit- PhysicalPersonDeposit was created
2021-06-21 00:03:00 [main] INFO  edu.epam.parsing.entity.LegalPersonDeposit- LegalPersonDeposit was created
2021-06-21 00:03:00 [main] INFO  edu.epam.parsing.entity.LegalPersonDeposit- LegalPersonDeposit was created
2021-06-21 00:03:00 [main] INFO  edu.epam.parsing.entity.PhysicalPersonDeposit- PhysicalPersonDeposit was created
2021-06-21 00:03:00 [main] INFO  edu.epam.parsing.entity.PhysicalPersonDeposit- PhysicalPersonDeposit was created
2021-06-21 00:03:00 [main] INFO  edu.epam.parsing.entity.PhysicalPersonDeposit- PhysicalPersonDeposit was created
2021-06-21 00:03:00 [main] INFO  edu.epam.parsing.entity.LegalPersonDeposit- LegalPersonDeposit was created
2021-06-21 00:03:00 [main] INFO  edu.epam.parsing.entity.PhysicalPersonDeposit- PhysicalPersonDeposit was created
2021-06-21 00:03:00 [main] INFO  edu.epam.parsing.entity.PhysicalPersonDeposit- PhysicalPersonDeposit was created
2021-06-21 00:03:00 [main] INFO  edu.epam.parsing.entity.PhysicalPersonDeposit- PhysicalPersonDeposit was created
2021-06-21 00:03:00 [main] INFO  edu.epam.parsing.entity.LegalPersonDeposit- LegalPersonDeposit was created
2021-06-21 00:03:00 [main] INFO  edu.epam.parsing.entity.PhysicalPersonDeposit- PhysicalPersonDeposit was created
2021-06-21 00:03:00 [main] INFO  edu.epam.parsing.entity.PhysicalPersonDeposit- PhysicalPersonDeposit was created
2021-06-21 00:03:00 [main] INFO  edu.epam.parsing.entity.PhysicalPersonDeposit- PhysicalPersonDeposit was created
2021-06-21 00:03:00 [main] INFO  edu.epam.parsing.entity.LegalPersonDeposit- LegalPersonDeposit was created
2021-06-21 00:03:00 [main] INFO  edu.epam.parsing.entity.PhysicalPersonDeposit- PhysicalPersonDeposit was created
2021-06-21 00:03:00 [main] INFO  edu.epam.parsing.entity.PhysicalPersonDeposit- PhysicalPersonDeposit was created
2021-06-21 00:03:00 [main] INFO  edu.epam.parsing.entity.LegalPersonDeposit- LegalPersonDeposit was created
2021-06-21 00:04:38 [main] INFO  edu.epam.parsing.entity.LegalPersonDeposit- LegalPersonDeposit was created
2021-06-21 00:04:38 [main] INFO  edu.epam.parsing.entity.LegalPersonDeposit- LegalPersonDeposit was created
2021-06-21 00:04:38 [main] INFO  edu.epam.parsing.entity.PhysicalPersonDeposit- PhysicalPersonDeposit was created
2021-06-21 00:04:38 [main] INFO  edu.epam.parsing.entity.PhysicalPersonDeposit- PhysicalPersonDeposit was created
2021-06-21 00:04:38 [main] INFO  edu.epam.parsing.entity.PhysicalPersonDeposit- PhysicalPersonDeposit was created
2021-06-21 00:04:38 [main] INFO  edu.epam.parsing.entity.LegalPersonDeposit- LegalPersonDeposit was created
2021-06-21 00:04:38 [main] INFO  edu.epam.parsing.entity.PhysicalPersonDeposit- PhysicalPersonDeposit was created
2021-06-21 00:04:38 [main] INFO  edu.epam.parsing.entity.PhysicalPersonDeposit- PhysicalPersonDeposit was created
2021-06-21 00:04:38 [main] INFO  edu.epam.parsing.entity.PhysicalPersonDeposit- PhysicalPersonDeposit was created
2021-06-21 00:04:38 [main] INFO  edu.epam.parsing.entity.LegalPersonDeposit- LegalPersonDeposit was created
2021-06-21 00:04:38 [main] INFO  edu.epam.parsing.entity.PhysicalPersonDeposit- PhysicalPersonDeposit was created
2021-06-21 00:04:38 [main] INFO  edu.epam.parsing.entity.PhysicalPersonDeposit- PhysicalPersonDeposit was created
2021-06-21 00:04:38 [main] INFO  edu.epam.parsing.entity.PhysicalPersonDeposit- PhysicalPersonDeposit was created
2021-06-21 00:04:38 [main] INFO  edu.epam.parsing.entity.LegalPersonDeposit- LegalPersonDeposit was created
2021-06-21 00:04:38 [main] INFO  edu.epam.parsing.entity.PhysicalPersonDeposit- PhysicalPersonDeposit was created
2021-06-21 00:04:38 [main] INFO  edu.epam.parsing.entity.PhysicalPersonDeposit- PhysicalPersonDeposit was created
2021-06-21 00:04:38 [main] INFO  edu.epam.parsing.entity.LegalPersonDeposit- LegalPersonDeposit was created
2021-06-21 00:04:50 [main] INFO  edu.epam.parsing.entity.LegalPersonDeposit- LegalPersonDeposit was created
2021-06-21 00:04:50 [main] INFO  edu.epam.parsing.entity.LegalPersonDeposit- LegalPersonDeposit was created
2021-06-21 00:04:50 [main] INFO  edu.epam.parsing.entity.PhysicalPersonDeposit- PhysicalPersonDeposit was created
2021-06-21 00:04:50 [main] INFO  edu.epam.parsing.entity.PhysicalPersonDeposit- PhysicalPersonDeposit was created
2021-06-21 00:04:50 [main] INFO  edu.epam.parsing.entity.PhysicalPersonDeposit- PhysicalPersonDeposit was created
2021-06-21 00:04:50 [main] INFO  edu.epam.parsing.entity.LegalPersonDeposit- LegalPersonDeposit was created
2021-06-21 00:04:50 [main] INFO  edu.epam.parsing.entity.PhysicalPersonDeposit- PhysicalPersonDeposit was created
2021-06-21 00:04:50 [main] INFO  edu.epam.parsing.entity.PhysicalPersonDeposit- PhysicalPersonDeposit was created
2021-06-21 00:04:50 [main] INFO  edu.epam.parsing.entity.PhysicalPersonDeposit- PhysicalPersonDeposit was created
2021-06-21 00:04:50 [main] INFO  edu.epam.parsing.entity.LegalPersonDeposit- LegalPersonDeposit was created
2021-06-21 00:04:50 [main] INFO  edu.epam.parsing.entity.PhysicalPersonDeposit- PhysicalPersonDeposit was created
2021-06-21 00:04:50 [main] INFO  edu.epam.parsing.entity.PhysicalPersonDeposit- PhysicalPersonDeposit was created
2021-06-21 00:04:50 [main] INFO  edu.epam.parsing.entity.PhysicalPersonDeposit- PhysicalPersonDeposit was created
2021-06-21 00:04:50 [main] INFO  edu.epam.parsing.entity.LegalPersonDeposit- LegalPersonDeposit was created
2021-06-21 00:04:50 [main] INFO  edu.epam.parsing.entity.PhysicalPersonDeposit- PhysicalPersonDeposit was created
2021-06-21 00:04:50 [main] INFO  edu.epam.parsing.entity.PhysicalPersonDeposit- PhysicalPersonDeposit was created
2021-06-21 00:05:14 [main] INFO  edu.epam.parsing.entity.LegalPersonDeposit- LegalPersonDeposit was created
2021-06-21 00:08:12 [main] INFO  edu.epam.parsing.entity.LegalPersonDeposit- LegalPersonDeposit was created
2021-06-21 00:08:12 [main] INFO  edu.epam.parsing.entity.LegalPersonDeposit- LegalPersonDeposit was created
2021-06-21 00:08:12 [main] INFO  edu.epam.parsing.entity.PhysicalPersonDeposit- PhysicalPersonDeposit was created
2021-06-21 00:08:12 [main] INFO  edu.epam.parsing.entity.PhysicalPersonDeposit- PhysicalPersonDeposit was created
2021-06-21 00:08:12 [main] INFO  edu.epam.parsing.entity.PhysicalPersonDeposit- PhysicalPersonDeposit was created
2021-06-21 00:08:12 [main] INFO  edu.epam.parsing.entity.LegalPersonDeposit- LegalPersonDeposit was created
2021-06-21 00:08:12 [main] INFO  edu.epam.parsing.entity.PhysicalPersonDeposit- PhysicalPersonDeposit was created
2021-06-21 00:08:12 [main] INFO  edu.epam.parsing.entity.PhysicalPersonDeposit- PhysicalPersonDeposit was created
2021-06-21 00:08:12 [main] INFO  edu.epam.parsing.entity.PhysicalPersonDeposit- PhysicalPersonDeposit was created
2021-06-21 00:08:12 [main] INFO  edu.epam.parsing.entity.LegalPersonDeposit- LegalPersonDeposit was created
2021-06-21 00:08:12 [main] INFO  edu.epam.parsing.entity.PhysicalPersonDeposit- PhysicalPersonDeposit was created
2021-06-21 00:08:12 [main] INFO  edu.epam.parsing.entity.PhysicalPersonDeposit- PhysicalPersonDeposit was created
2021-06-21 00:08:12 [main] INFO  edu.epam.parsing.entity.PhysicalPersonDeposit- PhysicalPersonDeposit was created
2021-06-21 00:08:12 [main] INFO  edu.epam.parsing.entity.LegalPersonDeposit- LegalPersonDeposit was created
2021-06-21 00:08:12 [main] INFO  edu.epam.parsing.entity.PhysicalPersonDeposit- PhysicalPersonDeposit was created
2021-06-21 00:08:12 [main] INFO  edu.epam.parsing.entity.PhysicalPersonDeposit- PhysicalPersonDeposit was created
2021-06-21 00:08:12 [main] INFO  edu.epam.parsing.entity.LegalPersonDeposit- LegalPersonDeposit was created
2021-06-21 00:08:20 [main] INFO  edu.epam.parsing.entity.LegalPersonDeposit- LegalPersonDeposit was created
2021-06-21 00:08:20 [main] INFO  edu.epam.parsing.entity.LegalPersonDeposit- LegalPersonDeposit was created
2021-06-21 00:08:20 [main] INFO  edu.epam.parsing.entity.PhysicalPersonDeposit- PhysicalPersonDeposit was created
2021-06-21 00:08:20 [main] INFO  edu.epam.parsing.entity.PhysicalPersonDeposit- PhysicalPersonDeposit was created
2021-06-21 00:08:20 [main] INFO  edu.epam.parsing.entity.PhysicalPersonDeposit- PhysicalPersonDeposit was created
2021-06-21 00:08:20 [main] INFO  edu.epam.parsing.entity.LegalPersonDeposit- LegalPersonDeposit was created
2021-06-21 00:08:20 [main] INFO  edu.epam.parsing.entity.PhysicalPersonDeposit- PhysicalPersonDeposit was created
2021-06-21 00:08:20 [main] INFO  edu.epam.parsing.entity.PhysicalPersonDeposit- PhysicalPersonDeposit was created
2021-06-21 00:08:20 [main] INFO  edu.epam.parsing.entity.PhysicalPersonDeposit- PhysicalPersonDeposit was created
2021-06-21 00:08:20 [main] INFO  edu.epam.parsing.entity.LegalPersonDeposit- LegalPersonDeposit was created
2021-06-21 00:08:20 [main] INFO  edu.epam.parsing.entity.PhysicalPersonDeposit- PhysicalPersonDeposit was created
2021-06-21 00:08:20 [main] INFO  edu.epam.parsing.entity.PhysicalPersonDeposit- PhysicalPersonDeposit was created
2021-06-21 00:08:20 [main] INFO  edu.epam.parsing.entity.PhysicalPersonDeposit- PhysicalPersonDeposit was created
2021-06-21 00:08:20 [main] INFO  edu.epam.parsing.entity.LegalPersonDeposit- LegalPersonDeposit was created
2021-06-21 00:08:20 [main] INFO  edu.epam.parsing.entity.PhysicalPersonDeposit- PhysicalPersonDeposit was created
2021-06-21 00:08:20 [main] INFO  edu.epam.parsing.entity.PhysicalPersonDeposit- PhysicalPersonDeposit was created
2021-06-21 00:08:20 [main] INFO  edu.epam.parsing.entity.LegalPersonDeposit- LegalPersonDeposit was created
2021-06-21 00:09:07 [main] INFO  edu.epam.parsing.entity.LegalPersonDeposit- LegalPersonDeposit was created
2021-06-21 00:09:07 [main] INFO  edu.epam.parsing.entity.LegalPersonDeposit- LegalPersonDeposit was created
2021-06-21 00:09:07 [main] INFO  edu.epam.parsing.entity.PhysicalPersonDeposit- PhysicalPersonDeposit was created
2021-06-21 00:09:07 [main] INFO  edu.epam.parsing.entity.PhysicalPersonDeposit- PhysicalPersonDeposit was created
2021-06-21 00:09:07 [main] INFO  edu.epam.parsing.entity.PhysicalPersonDeposit- PhysicalPersonDeposit was created
2021-06-21 00:09:07 [main] INFO  edu.epam.parsing.entity.LegalPersonDeposit- LegalPersonDeposit was created
2021-06-21 00:09:07 [main] INFO  edu.epam.parsing.entity.PhysicalPersonDeposit- PhysicalPersonDeposit was created
2021-06-21 00:09:07 [main] INFO  edu.epam.parsing.entity.PhysicalPersonDeposit- PhysicalPersonDeposit was created
2021-06-21 00:09:07 [main] INFO  edu.epam.parsing.entity.PhysicalPersonDeposit- PhysicalPersonDeposit was created
2021-06-21 00:09:07 [main] INFO  edu.epam.parsing.entity.LegalPersonDeposit- LegalPersonDeposit was created
2021-06-21 00:09:07 [main] INFO  edu.epam.parsing.entity.PhysicalPersonDeposit- PhysicalPersonDeposit was created
2021-06-21 00:09:07 [main] INFO  edu.epam.parsing.entity.PhysicalPersonDeposit- PhysicalPersonDeposit was created
2021-06-21 00:09:07 [main] INFO  edu.epam.parsing.entity.PhysicalPersonDeposit- PhysicalPersonDeposit was created
2021-06-21 00:09:07 [main] INFO  edu.epam.parsing.entity.LegalPersonDeposit- LegalPersonDeposit was created
2021-06-21 00:09:07 [main] INFO  edu.epam.parsing.entity.PhysicalPersonDeposit- PhysicalPersonDeposit was created
2021-06-21 00:09:07 [main] INFO  edu.epam.parsing.entity.PhysicalPersonDeposit- PhysicalPersonDeposit was created
2021-06-21 00:09:07 [main] INFO  edu.epam.parsing.entity.LegalPersonDeposit- LegalPersonDeposit was created
2021-06-21 00:09:28 [main] INFO  edu.epam.parsing.entity.LegalPersonDeposit- LegalPersonDeposit was created
2021-06-21 00:10:57 [main] INFO  edu.epam.parsing.entity.LegalPersonDeposit- LegalPersonDeposit was created
2021-06-21 00:11:30 [main] INFO  edu.epam.parsing.entity.LegalPersonDeposit- LegalPersonDeposit was created
2021-06-21 00:11:45 [main] INFO  edu.epam.parsing.entity.LegalPersonDeposit- LegalPersonDeposit was created
2021-06-21 00:11:51 [main] INFO  edu.epam.parsing.entity.LegalPersonDeposit- LegalPersonDeposit was created
2021-06-21 00:20:57 [main] INFO  edu.epam.parsing.entity.LegalPersonDeposit- LegalPersonDeposit was created
2021-06-21 00:31:18 [main] INFO  edu.epam.parsing.entity.LegalPersonDeposit- LegalPersonDeposit was created
2021-06-21 00:32:28 [main] INFO  edu.epam.parsing.entity.LegalPersonDeposit- LegalPersonDeposit was created
2021-06-21 00:32:28 [main] INFO  edu.epam.parsing.entity.LegalPersonDeposit- LegalPersonDeposit was created
2021-06-21 00:32:28 [main] INFO  edu.epam.parsing.entity.PhysicalPersonDeposit- PhysicalPersonDeposit was created
2021-06-21 00:32:28 [main] INFO  edu.epam.parsing.entity.PhysicalPersonDeposit- PhysicalPersonDeposit was created
2021-06-21 00:32:28 [main] INFO  edu.epam.parsing.entity.PhysicalPersonDeposit- PhysicalPersonDeposit was created
2021-06-21 00:32:28 [main] INFO  edu.epam.parsing.entity.LegalPersonDeposit- LegalPersonDeposit was created
2021-06-21 00:32:28 [main] INFO  edu.epam.parsing.entity.PhysicalPersonDeposit- PhysicalPersonDeposit was created
2021-06-21 00:32:28 [main] INFO  edu.epam.parsing.entity.PhysicalPersonDeposit- PhysicalPersonDeposit was created
2021-06-21 00:32:28 [main] INFO  edu.epam.parsing.entity.PhysicalPersonDeposit- PhysicalPersonDeposit was created
2021-06-21 00:32:28 [main] INFO  edu.epam.parsing.entity.LegalPersonDeposit- LegalPersonDeposit was created
2021-06-21 00:32:28 [main] INFO  edu.epam.parsing.entity.PhysicalPersonDeposit- PhysicalPersonDeposit was created
2021-06-21 00:32:28 [main] INFO  edu.epam.parsing.entity.PhysicalPersonDeposit- PhysicalPersonDeposit was created
2021-06-21 00:32:28 [main] INFO  edu.epam.parsing.entity.PhysicalPersonDeposit- PhysicalPersonDeposit was created
2021-06-21 00:32:28 [main] INFO  edu.epam.parsing.entity.LegalPersonDeposit- LegalPersonDeposit was created
2021-06-21 00:32:28 [main] INFO  edu.epam.parsing.entity.PhysicalPersonDeposit- PhysicalPersonDeposit was created
2021-06-21 00:32:28 [main] INFO  edu.epam.parsing.entity.PhysicalPersonDeposit- PhysicalPersonDeposit was created
2021-06-21 00:32:28 [main] INFO  edu.epam.parsing.entity.LegalPersonDeposit- LegalPersonDeposit was created
2021-06-21 00:32:28 [main] INFO  edu.epam.parsing.entity.LegalPersonDeposit- LegalPersonDeposit was created
2021-06-21 00:34:36 [main] INFO  edu.epam.parsing.entity.LegalPersonDeposit- LegalPersonDeposit was created
2021-06-21 00:34:36 [main] INFO  edu.epam.parsing.entity.LegalPersonDeposit- LegalPersonDeposit was created
2021-06-21 00:34:36 [main] INFO  edu.epam.parsing.entity.PhysicalPersonDeposit- PhysicalPersonDeposit was created
2021-06-21 00:34:36 [main] INFO  edu.epam.parsing.entity.PhysicalPersonDeposit- PhysicalPersonDeposit was created
2021-06-21 00:34:36 [main] INFO  edu.epam.parsing.entity.PhysicalPersonDeposit- PhysicalPersonDeposit was created
2021-06-21 00:34:36 [main] INFO  edu.epam.parsing.entity.LegalPersonDeposit- LegalPersonDeposit was created
2021-06-21 00:34:36 [main] INFO  edu.epam.parsing.entity.PhysicalPersonDeposit- PhysicalPersonDeposit was created
2021-06-21 00:34:36 [main] INFO  edu.epam.parsing.entity.PhysicalPersonDeposit- PhysicalPersonDeposit was created
2021-06-21 00:34:36 [main] INFO  edu.epam.parsing.entity.PhysicalPersonDeposit- PhysicalPersonDeposit was created
2021-06-21 00:34:36 [main] INFO  edu.epam.parsing.entity.LegalPersonDeposit- LegalPersonDeposit was created
2021-06-21 00:34:36 [main] INFO  edu.epam.parsing.entity.PhysicalPersonDeposit- PhysicalPersonDeposit was created
2021-06-21 00:34:36 [main] INFO  edu.epam.parsing.entity.PhysicalPersonDeposit- PhysicalPersonDeposit was created
2021-06-21 00:34:36 [main] INFO  edu.epam.parsing.entity.PhysicalPersonDeposit- PhysicalPersonDeposit was created
2021-06-21 00:34:36 [main] INFO  edu.epam.parsing.entity.LegalPersonDeposit- LegalPersonDeposit was created
2021-06-21 00:34:36 [main] INFO  edu.epam.parsing.entity.PhysicalPersonDeposit- PhysicalPersonDeposit was created
2021-06-21 00:34:36 [main] INFO  edu.epam.parsing.entity.PhysicalPersonDeposit- PhysicalPersonDeposit was created
2021-06-21 00:34:36 [main] INFO  edu.epam.parsing.entity.LegalPersonDeposit- LegalPersonDeposit was created
2021-06-21 00:55:14 [main] INFO  edu.epam.parsing.parser.DepositBuilderFactory- DOM builder was created
2021-06-21 00:55:14 [main] INFO  edu.epam.parsing.entity.LegalPersonDeposit- LegalPersonDeposit was created
2021-06-21 00:55:14 [main] INFO  edu.epam.parsing.entity.LegalPersonDeposit- LegalPersonDeposit was created
2021-06-21 00:55:14 [main] INFO  edu.epam.parsing.entity.LegalPersonDeposit- LegalPersonDeposit was created
2021-06-21 00:55:14 [main] INFO  edu.epam.parsing.entity.LegalPersonDeposit- LegalPersonDeposit was created
2021-06-21 00:55:14 [main] INFO  edu.epam.parsing.entity.LegalPersonDeposit- LegalPersonDeposit was created
2021-06-21 00:55:14 [main] INFO  edu.epam.parsing.entity.PhysicalPersonDeposit- PhysicalPersonDeposit was created
2021-06-21 00:55:14 [main] INFO  edu.epam.parsing.entity.PhysicalPersonDeposit- PhysicalPersonDeposit was created
2021-06-21 00:55:14 [main] INFO  edu.epam.parsing.entity.PhysicalPersonDeposit- PhysicalPersonDeposit was created
2021-06-21 00:55:14 [main] INFO  edu.epam.parsing.entity.PhysicalPersonDeposit- PhysicalPersonDeposit was created
2021-06-21 00:55:14 [main] INFO  edu.epam.parsing.entity.PhysicalPersonDeposit- PhysicalPersonDeposit was created
2021-06-21 00:55:14 [main] INFO  edu.epam.parsing.entity.PhysicalPersonDeposit- PhysicalPersonDeposit was created
2021-06-21 00:55:14 [main] INFO  edu.epam.parsing.entity.PhysicalPersonDeposit- PhysicalPersonDeposit was created
2021-06-21 00:55:14 [main] INFO  edu.epam.parsing.entity.PhysicalPersonDeposit- PhysicalPersonDeposit was created
2021-06-21 00:55:14 [main] INFO  edu.epam.parsing.entity.PhysicalPersonDeposit- PhysicalPersonDeposit was created
2021-06-21 00:55:14 [main] INFO  edu.epam.parsing.entity.PhysicalPersonDeposit- PhysicalPersonDeposit was created
2021-06-21 00:55:14 [main] INFO  edu.epam.parsing.entity.PhysicalPersonDeposit- PhysicalPersonDeposit was created
2021-06-21 00:55:14 [main] INFO  edu.epam.parsing.entity.LegalPersonDeposit- LegalPersonDeposit was created
2021-06-21 00:55:14 [main] INFO  edu.epam.parsing.entity.LegalPersonDeposit- LegalPersonDeposit was created
2021-06-21 00:55:22 [main] INFO  edu.epam.parsing.parser.DepositBuilderFactory- SAX builder was created
2021-06-21 00:55:22 [main] INFO  edu.epam.parsing.entity.LegalPersonDeposit- LegalPersonDeposit was created
2021-06-21 00:55:22 [main] INFO  edu.epam.parsing.entity.LegalPersonDeposit- LegalPersonDeposit was created
2021-06-21 00:55:22 [main] INFO  edu.epam.parsing.entity.PhysicalPersonDeposit- PhysicalPersonDeposit was created
2021-06-21 00:55:22 [main] INFO  edu.epam.parsing.entity.PhysicalPersonDeposit- PhysicalPersonDeposit was created
2021-06-21 00:55:22 [main] INFO  edu.epam.parsing.entity.PhysicalPersonDeposit- PhysicalPersonDeposit was created
2021-06-21 00:55:22 [main] INFO  edu.epam.parsing.entity.LegalPersonDeposit- LegalPersonDeposit was created
2021-06-21 00:55:22 [main] INFO  edu.epam.parsing.entity.PhysicalPersonDeposit- PhysicalPersonDeposit was created
2021-06-21 00:55:22 [main] INFO  edu.epam.parsing.entity.PhysicalPersonDeposit- PhysicalPersonDeposit was created
2021-06-21 00:55:22 [main] INFO  edu.epam.parsing.entity.PhysicalPersonDeposit- PhysicalPersonDeposit was created
2021-06-21 00:55:22 [main] INFO  edu.epam.parsing.entity.LegalPersonDeposit- LegalPersonDeposit was created
2021-06-21 00:55:22 [main] INFO  edu.epam.parsing.entity.PhysicalPersonDeposit- PhysicalPersonDeposit was created
2021-06-21 00:55:22 [main] INFO  edu.epam.parsing.entity.PhysicalPersonDeposit- PhysicalPersonDeposit was created
2021-06-21 00:55:22 [main] INFO  edu.epam.parsing.entity.PhysicalPersonDeposit- PhysicalPersonDeposit was created
2021-06-21 00:55:22 [main] INFO  edu.epam.parsing.entity.LegalPersonDeposit- LegalPersonDeposit was created
2021-06-21 00:55:22 [main] INFO  edu.epam.parsing.entity.PhysicalPersonDeposit- PhysicalPersonDeposit was created
2021-06-21 00:55:22 [main] INFO  edu.epam.parsing.entity.PhysicalPersonDeposit- PhysicalPersonDeposit was created
2021-06-21 00:55:22 [main] INFO  edu.epam.parsing.parser.DepositSaxBuilder- SAX parser created a set of deposits
2021-06-21 00:55:23 [main] INFO  edu.epam.parsing.entity.LegalPersonDeposit- LegalPersonDeposit was created
2021-06-21 00:55:23 [main] INFO  edu.epam.parsing.entity.LegalPersonDeposit- LegalPersonDeposit was created
2021-06-21 00:55:30 [main] INFO  edu.epam.parsing.parser.DepositBuilderFactory- STAX builder was created
2021-06-21 00:55:30 [main] INFO  edu.epam.parsing.entity.LegalPersonDeposit- LegalPersonDeposit was created
2021-06-21 00:55:30 [main] INFO  edu.epam.parsing.entity.LegalPersonDeposit- LegalPersonDeposit was created
2021-06-21 00:55:30 [main] INFO  edu.epam.parsing.entity.PhysicalPersonDeposit- PhysicalPersonDeposit was created
2021-06-21 00:55:30 [main] INFO  edu.epam.parsing.entity.PhysicalPersonDeposit- PhysicalPersonDeposit was created
2021-06-21 00:55:30 [main] INFO  edu.epam.parsing.entity.PhysicalPersonDeposit- PhysicalPersonDeposit was created
2021-06-21 00:55:30 [main] INFO  edu.epam.parsing.entity.LegalPersonDeposit- LegalPersonDeposit was created
2021-06-21 00:55:30 [main] INFO  edu.epam.parsing.entity.PhysicalPersonDeposit- PhysicalPersonDeposit was created
2021-06-21 00:55:30 [main] INFO  edu.epam.parsing.entity.PhysicalPersonDeposit- PhysicalPersonDeposit was created
2021-06-21 00:55:30 [main] INFO  edu.epam.parsing.entity.PhysicalPersonDeposit- PhysicalPersonDeposit was created
2021-06-21 00:55:30 [main] INFO  edu.epam.parsing.entity.LegalPersonDeposit- LegalPersonDeposit was created
2021-06-21 00:55:30 [main] INFO  edu.epam.parsing.entity.PhysicalPersonDeposit- PhysicalPersonDeposit was created
2021-06-21 00:55:30 [main] INFO  edu.epam.parsing.entity.PhysicalPersonDeposit- PhysicalPersonDeposit was created
2021-06-21 00:55:30 [main] INFO  edu.epam.parsing.entity.PhysicalPersonDeposit- PhysicalPersonDeposit was created
2021-06-21 00:55:30 [main] INFO  edu.epam.parsing.entity.LegalPersonDeposit- LegalPersonDeposit was created
2021-06-21 00:55:30 [main] INFO  edu.epam.parsing.entity.PhysicalPersonDeposit- PhysicalPersonDeposit was created
2021-06-21 00:55:30 [main] INFO  edu.epam.parsing.entity.PhysicalPersonDeposit- PhysicalPersonDeposit was created
2021-06-21 00:55:30 [main] INFO  edu.epam.parsing.parser.DepositStaxBuilder- STAX parser created a set of deposits
2021-06-21 00:55:30 [main] INFO  edu.epam.parsing.entity.LegalPersonDeposit- LegalPersonDeposit was created
2021-06-21 00:55:30 [main] INFO  edu.epam.parsing.entity.LegalPersonDeposit- LegalPersonDeposit was created
